0 info it worked if it ends with ok
1 verbose cli [ 'C:\\Program Files\\nodejs\\node.exe',
1 verbose cli   'C:\\Users\\amitmod.REDMOND\\AppData\\Roaming\\npm\\node_modules\\npm\\bin\\npm-cli.js',
1 verbose cli   'run',
1 verbose cli   'docs' ]
2 info using npm@3.10.9
3 info using node@v4.5.0
4 verbose run-script [ 'predocs', 'docs', 'postdocs' ]
5 info lifecycle docs@1.0.0~predocs: docs@1.0.0
6 silly lifecycle docs@1.0.0~predocs: no script for predocs, continuing
7 info lifecycle docs@1.0.0~docs: docs@1.0.0
8 verbose lifecycle docs@1.0.0~docs: unsafe-perm in lifecycle true
9 verbose lifecycle docs@1.0.0~docs: PATH: C:\Users\amitmod.REDMOND\AppData\Roaming\npm\node_modules\npm\bin\node-gyp-bin;d:\git\portaldocs\node_modules\.bin;C:\ProgramData\Oracle\Java\javapath;C:\Program Files (x86)\PHP\v7.0;C:\Program Files (x86)\Intel\iCLS Client\;C:\Program Files\Intel\iCLS Client\;C:\Program Files\Common Files\Microsoft Shared\Microsoft Online Services;C:\Program Files (x86)\Common Files\Microsoft Shared\Microsoft Online Services;C:\windows\system32;C:\windows;C:\windows\System32\Wbem;C:\windows\System32\WindowsPowerShell\v1.0\;C:\Program Files\Intel\Intel(R) Management Engine Components\DAL;C:\Program Files (x86)\Intel\Intel(R) Management Engine Components\DAL;C:\Program Files\Intel\Intel(R) Management Engine Components\IPT;C:\Program Files (x86)\Intel\Intel(R) Management Engine Components\IPT;C:\Program Files (x86)\ATI Technologies\ATI.ACE\Core-Static;C:\Program Files\Git\cmd;C:\Users\amitmod.REDMOND\.dnx\bin;C:\Program Files\Microsoft DNX\Dnvm\;C:\Program Files\Microsoft SQL Server\120\Tools\Binn\;C:\Program Files\Microsoft SQL Server\130\Tools\Binn\;C:\Program Files (x86)\GitExtensions\;C:\Program Files\nodejs\;C:\WINDOWS\system32;C:\WINDOWS;C:\WINDOWS\System32\Wbem;C:\WINDOWS\System32\WindowsPowerShell\v1.0\;C:\Program Files (x86)\Microsoft VS Code\bin;C:\Users\amitmod.REDMOND\AppData\Roaming\npm;C:\Users\amitmod.REDMOND\AppData\Local\Microsoft\WindowsApps
10 verbose lifecycle docs@1.0.0~docs: CWD: d:\git\portaldocs
11 silly lifecycle docs@1.0.0~docs: Args: [ '/d /s /c', 'gulp docs' ]
12 silly lifecycle docs@1.0.0~docs: Returned: code: 1  signal: null
13 info lifecycle docs@1.0.0~docs: Failed to exec docs script
14 verbose stack Error: docs@1.0.0 docs: `gulp docs`
14 verbose stack Exit status 1
14 verbose stack     at EventEmitter.<anonymous> (C:\Users\amitmod.REDMOND\AppData\Roaming\npm\node_modules\npm\lib\utils\lifecycle.js:255:16)
14 verbose stack     at emitTwo (events.js:87:13)
14 verbose stack     at EventEmitter.emit (events.js:172:7)
14 verbose stack     at ChildProcess.<anonymous> (C:\Users\amitmod.REDMOND\AppData\Roaming\npm\node_modules\npm\lib\utils\spawn.js:40:14)
14 verbose stack     at emitTwo (events.js:87:13)
14 verbose stack     at ChildProcess.emit (events.js:172:7)
14 verbose stack     at maybeClose (internal/child_process.js:829:16)
14 verbose stack     at Process.ChildProcess._handle.onexit (internal/child_process.js:211:5)
15 verbose pkgid docs@1.0.0
16 verbose cwd d:\git\portaldocs
17 error Windows_NT 10.0.14393
18 error argv "C:\\Program Files\\nodejs\\node.exe" "C:\\Users\\amitmod.REDMOND\\AppData\\Roaming\\npm\\node_modules\\npm\\bin\\npm-cli.js" "run" "docs"
19 error node v4.5.0
20 error npm  v3.10.9
21 error code ELIFECYCLE
22 error docs@1.0.0 docs: `gulp docs`
22 error Exit status 1
23 error Failed at the docs@1.0.0 docs script 'gulp docs'.
23 error Make sure you have the latest version of node.js and npm installed.
23 error If you do, this is most likely a problem with the docs package,
23 error not with npm itself.
23 error Tell the author that this fails on your system:
23 error     gulp docs
23 error You can get information on how to open an issue for this project with:
23 error     npm bugs docs
23 error Or if that isn't available, you can get their info via:
23 error     npm owner ls docs
23 error There is likely additional logging output above.
24 verbose exit [ 1, true ]
